1 molecule converted
1 molecule converted
1 molecule converted
1 molecule converted
1 molecule converted
1 molecule converted
1 molecule converted
1 molecule converted
1 molecule converted
1 molecule converted
1 molecule converted
1 molecule converted
1 molecule converted
1 molecule converted
1 molecule converted
1 molecule converted
1 molecule converted
1 molecule converted
1 molecule converted
1 molecule converted
1 molecule converted
1 molecule converted
1 molecule converted
1 molecule converted
1 molecule converted
1 molecule converted
1 molecule converted
1 molecule converted
1 molecule converted
1 molecule converted
1 molecule converted
1 molecule converted
1 molecule converted
1 molecule converted
1 molecule converted
1 molecule converted
1 molecule converted
1 molecule converted
1 molecule converted
1 molecule converted
1 molecule converted
1 molecule converted
1 molecule converted
1 molecule converted
1 molecule converted
1 molecule converted
1 molecule converted
1 molecule converted
1 molecule converted
1 molecule converted
1 molecule converted
1 molecule converted
1 molecule converted
1 molecule converted
1 molecule converted
1 molecule converted
1 molecule converted
1 molecule converted
1 molecule converted
1 molecule converted
1 molecule converted
==============================
*** Open Babel Warning  in CorrectStereoAtoms
  Could not correct 2 stereocenter(s) in this molecule ()
  with Atom Ids as follows: 10 27
Warning: Stereochemistry is wrong, using the distance geometry method instead
