AutoDock Vina 36dd023-mod
#################################################################
# If you used AutoDock Vina in your work, please cite:          #
#                                                               #
# J. Eberhardt, D. Santos-Martins, A. F. Tillack, and S. Forli  #
# AutoDock Vina 1.2.0: New Docking Methods, Expanded Force      #
# Field, and Python Bindings, J. Chem. Inf. Model. (2021)       #
# DOI 10.1021/acs.jcim.1c00203                                  #
#                                                               #
# O. Trott, A. J. Olson,                                        #
# AutoDock Vina: improving the speed and accuracy of docking    #
# with a new scoring function, efficient optimization and       #
# multithreading, J. Comp. Chem. (2010)                         #
# DOI 10.1002/jcc.21334                                         #
#                                                               #
# Please see https://github.com/ccsb-scripps/AutoDock-Vina for  #
# more information.                                             #
#################################################################

Scoring function : vina
Rigid receptor: /home/nikki/egfr_lowdata_scoring/data/protein/1m17_prepared.pdbqt
Ligand: /home/nikki/egfr_lowdata_scoring/data/ligands_synthetic/prepared/SYN000080.pdbqt
Grid center: X 21.965 Y 6.046 Z 57.018
Grid size  : X 20 Y 20 Z 20
Grid space : 0.375
Exhaustiveness: 8
CPU: 0
Verbosity: 1

Computing Vina grid ... done.
Performing docking (random seed: 610810502) ... 
0%   10   20   30   40   50   60   70   80   90   100%
|----|----|----|----|----|----|----|----|----|----|
***************************************************

mode |   affinity | dist from best mode
     | (kcal/mol) | rmsd l.b.| rmsd u.b.
-----+------------+----------+----------
   1       -8.879          0          0
   2        -8.25      1.758      6.873
   3       -7.841      3.883      7.456
   4       -7.827      3.435      6.286
   5       -7.742      1.925       2.62
   6        -7.69      2.736      3.767
   7       -7.626       1.97      2.783
   8       -7.611      2.956      4.143
   9       -7.467      4.001      7.793
