AutoDock Vina 36dd023-mod
#################################################################
# If you used AutoDock Vina in your work, please cite:          #
#                                                               #
# J. Eberhardt, D. Santos-Martins, A. F. Tillack, and S. Forli  #
# AutoDock Vina 1.2.0: New Docking Methods, Expanded Force      #
# Field, and Python Bindings, J. Chem. Inf. Model. (2021)       #
# DOI 10.1021/acs.jcim.1c00203                                  #
#                                                               #
# O. Trott, A. J. Olson,                                        #
# AutoDock Vina: improving the speed and accuracy of docking    #
# with a new scoring function, efficient optimization and       #
# multithreading, J. Comp. Chem. (2010)                         #
# DOI 10.1002/jcc.21334                                         #
#                                                               #
# Please see https://github.com/ccsb-scripps/AutoDock-Vina for  #
# more information.                                             #
#################################################################

Scoring function : vina
Rigid receptor: /home/nikki/egfr_lowdata_scoring/data/protein/1m17_prepared.pdbqt
Ligand: /home/nikki/egfr_lowdata_scoring/data/ligands_synthetic/prepared/SYN000161.pdbqt
Grid center: X 21.965 Y 6.046 Z 57.018
Grid size  : X 20 Y 20 Z 20
Grid space : 0.375
Exhaustiveness: 8
CPU: 0
Verbosity: 1

Computing Vina grid ... done.
Performing docking (random seed: 938225390) ... 
0%   10   20   30   40   50   60   70   80   90   100%
|----|----|----|----|----|----|----|----|----|----|
***************************************************

mode |   affinity | dist from best mode
     | (kcal/mol) | rmsd l.b.| rmsd u.b.
-----+------------+----------+----------
   1       -7.904          0          0
   2       -7.736      5.047      7.903
   3       -7.717      4.628      7.579
   4        -7.65      3.715      7.838
   5       -7.537      2.722      4.174
   6       -7.427      1.189      2.489
   7       -7.296      3.009      4.484
   8       -7.261      4.366      7.452
   9       -7.215      4.189      7.646
