AutoDock Vina 36dd023-mod
#################################################################
# If you used AutoDock Vina in your work, please cite:          #
#                                                               #
# J. Eberhardt, D. Santos-Martins, A. F. Tillack, and S. Forli  #
# AutoDock Vina 1.2.0: New Docking Methods, Expanded Force      #
# Field, and Python Bindings, J. Chem. Inf. Model. (2021)       #
# DOI 10.1021/acs.jcim.1c00203                                  #
#                                                               #
# O. Trott, A. J. Olson,                                        #
# AutoDock Vina: improving the speed and accuracy of docking    #
# with a new scoring function, efficient optimization and       #
# multithreading, J. Comp. Chem. (2010)                         #
# DOI 10.1002/jcc.21334                                         #
#                                                               #
# Please see https://github.com/ccsb-scripps/AutoDock-Vina for  #
# more information.                                             #
#################################################################

Scoring function : vina
Rigid receptor: /home/nikki/egfr_lowdata_scoring/data/protein/1m17_prepared.pdbqt
Ligand: /home/nikki/egfr_lowdata_scoring/data/ligands_synthetic/prepared/SYN000146.pdbqt
Grid center: X 21.965 Y 6.046 Z 57.018
Grid size  : X 20 Y 20 Z 20
Grid space : 0.375
Exhaustiveness: 8
CPU: 0
Verbosity: 1

Computing Vina grid ... done.
Performing docking (random seed: -2123483114) ... 
0%   10   20   30   40   50   60   70   80   90   100%
|----|----|----|----|----|----|----|----|----|----|
***************************************************

mode |   affinity | dist from best mode
     | (kcal/mol) | rmsd l.b.| rmsd u.b.
-----+------------+----------+----------
   1       -7.175          0          0
   2        -6.99      2.413      7.102
   3       -6.986      2.174      7.208
   4       -6.918      1.852      4.922
   5       -6.824      2.151      3.751
   6         -6.8      1.814      5.003
   7       -6.773      1.888      4.012
   8       -6.754       1.76      3.021
   9       -6.685      2.059      4.535
