AutoDock Vina 36dd023-mod
#################################################################
# If you used AutoDock Vina in your work, please cite:          #
#                                                               #
# J. Eberhardt, D. Santos-Martins, A. F. Tillack, and S. Forli  #
# AutoDock Vina 1.2.0: New Docking Methods, Expanded Force      #
# Field, and Python Bindings, J. Chem. Inf. Model. (2021)       #
# DOI 10.1021/acs.jcim.1c00203                                  #
#                                                               #
# O. Trott, A. J. Olson,                                        #
# AutoDock Vina: improving the speed and accuracy of docking    #
# with a new scoring function, efficient optimization and       #
# multithreading, J. Comp. Chem. (2010)                         #
# DOI 10.1002/jcc.21334                                         #
#                                                               #
# Please see https://github.com/ccsb-scripps/AutoDock-Vina for  #
# more information.                                             #
#################################################################

Scoring function : vina
Rigid receptor: /home/nikki/egfr_lowdata_scoring/data/protein/1m17_prepared.pdbqt
Ligand: /home/nikki/egfr_lowdata_scoring/data/ligands_synthetic/prepared/SYN000067.pdbqt
Grid center: X 21.965 Y 6.046 Z 57.018
Grid size  : X 20 Y 20 Z 20
Grid space : 0.375
Exhaustiveness: 8
CPU: 0
Verbosity: 1

Computing Vina grid ... done.
Performing docking (random seed: 1962009929) ... 
0%   10   20   30   40   50   60   70   80   90   100%
|----|----|----|----|----|----|----|----|----|----|
***************************************************

mode |   affinity | dist from best mode
     | (kcal/mol) | rmsd l.b.| rmsd u.b.
-----+------------+----------+----------
   1        -9.76          0          0
   2       -9.617      1.641      2.126
   3       -9.454      2.492      4.658
   4       -9.275      2.424      5.409
   5       -9.187      3.032      5.608
   6       -8.758      3.127      6.631
   7       -8.458      2.502      5.495
   8       -8.378      2.524      5.721
   9       -8.239      1.697       2.48
